{"level":"info","msg":"ci-operator version v20221222-3d2e8930f","time":"2023-01-01T04:06:04Z"}
{"level":"info","msg":"Loading configuration from https://config.ci.openshift.org for openshift/assisted-service@release-ocm-2.5","time":"2023-01-01T04:06:04Z"}
{"level":"debug","msg":"performing request method GET url https://config.ci.openshift.org/config?branch=release-ocm-2.5\u0026org=openshift\u0026repo=assisted-service","time":"2023-01-01T04:06:04Z"}
{"level":"debug","msg":"Resolved SHA missing for release-ocm-2.5 in https://github.com/openshift/assisted-service: adding synthetic input to avoid false cache hit","time":"2023-01-01T04:06:05Z"}
{"level":"info","msg":"Resolved SHA missing for release-ocm-2.5 in https://github.com/openshift/assisted-service (will prevent caching)","time":"2023-01-01T04:06:05Z"}
{"level":"info","msg":"Requesting 4.10 from https://api.openshift.com/api/upgrades_info/v1/graph?arch=amd64\u0026channel=stable-4.10","time":"2023-01-01T04:06:10Z"}
{"level":"info","msg":"Resolved release stable to quay.io/openshift-release-dev/ocp-release@sha256:5f9ac79c9c257c28b8b51e79a0382de285d6e4c4e4537710b7c117601d320293","time":"2023-01-01T04:06:10Z"}
{"level":"info","msg":"Building release latest from a snapshot of ocp/4.10","time":"2023-01-01T04:06:10Z"}
{"level":"debug","msg":"Resolved openshift/release:golang-1.17 (root) to sha256:fc3acca3021273cd6251a2382115e53ba7bbe11d616a896b1404d8385e0c3ffb.","time":"2023-01-01T04:06:10Z"}
{"level":"debug","msg":"Resolved ci/goswagger-swagger:v0.28.0 (base_image: goswagger_swagger) to sha256:c7cf56ab0eaa534426dae94fb690355a4d3a79df1c020f8479980e3a4fb36cde.","time":"2023-01-01T04:06:10Z"}
{"level":"debug","msg":"Resolved ocp/4.10:hypershift-operator (base_image: hypershift-operator) to sha256:464f28c519df4f5a920ba5f63282871242b4c8951ab051959c706d6e4b6de035.","time":"2023-01-01T04:06:10Z"}
{"level":"debug","msg":"Resolved edge-infrastructure/ocm-2.5:assisted-image-service (base_image: assisted-image-service) to sha256:65ef036a5707d306799141c601f9100180643132ef1c95631d2d051a4c497e60.","time":"2023-01-01T04:06:10Z"}
{"level":"debug","msg":"Resolved edge-infrastructure/ocm-2.5:assisted-installer-controller (base_image: assisted-installer-controller) to sha256:0fd66a4cfa96b0e8b2c4268909bdab16855d8a3b77e1df65b4edf1c9cbe429a6.","time":"2023-01-01T04:06:10Z"}
{"level":"debug","msg":"Resolved ci/edge-infrastructure-swagger-codegen-cli:2.4.18 (base_image: edge_infrastructure_swagger_codegen_cli) to sha256:6ed387074ed185a9a4f6cab504fe2edaf0812cc368b2dc74ad0c446da3e0d892.","time":"2023-01-01T04:06:10Z"}
{"level":"debug","msg":"Resolved edge-infrastructure/ocm-2.5:assisted-test-infra (base_image: assisted-test-infra) to sha256:c0603a6b8c20138894aa8a644bad730a01f99aa045a458c73ef911485edd1bfb.","time":"2023-01-01T04:06:10Z"}
{"level":"debug","msg":"Resolved edge-infrastructure/ocm-2.5:cluster-api-provider-agent (base_image: cluster-api-provider-agent) to sha256:3e1631b3628ec9c9c51c25543e94c7408dc9267d136482e70e53eb8cd8011fee.","time":"2023-01-01T04:06:10Z"}
{"level":"debug","msg":"Resolved edge-infrastructure/postgresql-12-centos7:latest (base_image: postgresql-12-centos7) to sha256:94727d70e0afbf4e167e078744f3a10ac9d82edc553d57b0ecbb5443264f07e1.","time":"2023-01-01T04:06:10Z"}
{"level":"debug","msg":"Resolved openshift/release:golang-1.17 (base_image: openshift_release_golang-1.17) to sha256:fc3acca3021273cd6251a2382115e53ba7bbe11d616a896b1404d8385e0c3ffb.","time":"2023-01-01T04:06:11Z"}
{"level":"debug","msg":"Resolved ci/opm-builder:latest (base_image: opm-builder) to sha256:b77ca879ffa04fbafd642d9f863f28ff8775a9514b0eef093eb768f993c893af.","time":"2023-01-01T04:06:11Z"}
{"level":"debug","msg":"Resolved edge-infrastructure/ocm-2.5:assisted-installer (base_image: assisted-installer) to sha256:bcad72c858e5b1854e05af9c3226e770cb65d74b5335772cb5d224f664f97026.","time":"2023-01-01T04:06:11Z"}
{"level":"debug","msg":"Resolved edge-infrastructure/ocm-2.5:assisted-installer-agent (base_image: assisted-installer-agent) to sha256:d04764731be783fb35151b94388f14bb876baf5e9aa2ff6193883f09b05da1bd.","time":"2023-01-01T04:06:11Z"}
{"level":"debug","msg":"Resolved ocp/4.11:cli (base_image: cli) to sha256:d3b899f88d8d1899b18778084cee87f26d97ee4d95eec58299a5ba11ce5e7949.","time":"2023-01-01T04:06:11Z"}
{"level":"debug","msg":"Resolved coreos/stream8:8 (base_image: coreos_centos_stream8) to sha256:14e52c6a3e607a0c05080d7a9ef6ecb200a330da927cd2b3b28d165317af1394.","time":"2023-01-01T04:06:11Z"}
{"level":"debug","msg":"Resolved ocp-kni/test:dev-scripts (base_image: dev-scripts) to sha256:70f78cc404ee1848840c8e48953dc63a208a271bf750583b0761fc4543e430be.","time":"2023-01-01T04:06:12Z"}
{"level":"debug","msg":"Resolved ci/golangci-lint:v1.37.1 (base_image: golangci-lint) to sha256:155f549b8d973608b30a4edd558e84ea3a27e0ccf8118225f1747a110b64097b.","time":"2023-01-01T04:06:12Z"}
{"level":"debug","msg":"Resolved open-cluster-management/builder:go1.16-linux (test steps: assisted-baremetal-images-publish) to sha256:fba9a69f20fdc2a44ad947382eaf7b85cf0ffd22f6c04eb3f5726b9d954e3e2a.","time":"2023-01-01T04:06:12Z"}
{"level":"trace","msg":"Using binary as hash: /usr/bin/ci-operator 1671729133 70937482","time":"2023-01-01T04:06:12Z"}
{"level":"info","msg":"Using namespace https://console.build02.ci.openshift.org/k8s/cluster/projects/ci-op-glw2w760","time":"2023-01-01T04:06:12Z"}
{"level":"info","msg":"Running [input:root], [input:goswagger_swagger], [input:assisted-image-service], [input:assisted-installer-controller], [input:edge_infrastructure_swagger_codegen_cli], [input:assisted-test-infra], [input:postgresql-12-centos7], [input:openshift_release_golang-1.17], [input:opm-builder], [input:assisted-installer], [input:assisted-installer-agent], [input:cli], [input:coreos_centos_stream8], [input:dev-scripts], [input:golangci-lint], [release-inputs:latest], src, assisted-service-build, assisted-service, [output:stable:assisted-service-build], [output:stable:assisted-service], [release:latest], assisted-service-scripts, assisted-service-publish-index, assisted-service-generate, [output:stable:assisted-service-scripts], [output:stable:assisted-service-publish-index], [output:stable:assisted-service-generate], [images], e2e-metal-assisted-kube-api-late-binding-single-node-periodic","time":"2023-01-01T04:06:12Z"}
{"level":"debug","msg":"Creating namespace ci-op-glw2w760","time":"2023-01-01T04:06:15Z"}
{"level":"debug","msg":"Spent 2.436698ms waiting for RBAC to initialize in the new namespace.","time":"2023-01-01T04:06:15Z"}
{"level":"debug","msg":"Spent 8.625022ms waiting for image pull secrets to initialize in the new namespace.","time":"2023-01-01T04:06:15Z"}
{"level":"debug","msg":"Setting up pipeline ImageStream for the test","time":"2023-01-01T04:06:15Z"}
{"level":"debug","msg":"Created secret ci-pull-credentials","time":"2023-01-01T04:06:15Z"}
{"level":"debug","msg":"Created secret e2e-metal-assisted-kube-api-late-binding-single-node-periodic-cluster-profile","time":"2023-01-01T04:06:15Z"}
{"level":"debug","msg":"Created PDB for pods with openshift.io/build.name label","time":"2023-01-01T04:06:15Z"}
{"level":"debug","msg":"Created PDB for pods with created-by-ci label","time":"2023-01-01T04:06:15Z"}
{"level":"info","msg":"Tagging edge-infrastructure/ocm-2.5:assisted-installer-agent into pipeline:assisted-installer-agent.","time":"2023-01-01T04:06:15Z"}
{"level":"info","msg":"Tagging edge-infrastructure/ocm-2.5:assisted-test-infra into pipeline:assisted-test-infra.","time":"2023-01-01T04:06:15Z"}
{"level":"info","msg":"Tagging edge-infrastructure/postgresql-12-centos7:latest into pipeline:postgresql-12-centos7.","time":"2023-01-01T04:06:15Z"}
{"level":"info","msg":"Tagging ocp/4.11:cli into pipeline:cli.","time":"2023-01-01T04:06:15Z"}
{"level":"info","msg":"Tagging openshift/release:golang-1.17 into pipeline:root.","time":"2023-01-01T04:06:15Z"}
{"level":"info","msg":"Tagging coreos/stream8:8 into pipeline:coreos_centos_stream8.","time":"2023-01-01T04:06:15Z"}
{"level":"info","msg":"Tagging ci/goswagger-swagger:v0.28.0 into pipeline:goswagger_swagger.","time":"2023-01-01T04:06:15Z"}
{"level":"info","msg":"Tagging ocp-kni/test:dev-scripts into pipeline:dev-scripts.","time":"2023-01-01T04:06:15Z"}
{"level":"info","msg":"Tagging ci/golangci-lint:v1.37.1 into pipeline:golangci-lint.","time":"2023-01-01T04:06:15Z"}
{"level":"info","msg":"Tagging edge-infrastructure/ocm-2.5:assisted-installer-controller into pipeline:assisted-installer-controller.","time":"2023-01-01T04:06:15Z"}
{"level":"info","msg":"Tagging ci/edge-infrastructure-swagger-codegen-cli:2.4.18 into pipeline:edge_infrastructure_swagger_codegen_cli.","time":"2023-01-01T04:06:15Z"}
{"level":"info","msg":"Tagging edge-infrastructure/ocm-2.5:assisted-image-service into pipeline:assisted-image-service.","time":"2023-01-01T04:06:15Z"}
{"level":"info","msg":"Tagging ci/opm-builder:latest into pipeline:opm-builder.","time":"2023-01-01T04:06:15Z"}
{"level":"info","msg":"Tagging edge-infrastructure/ocm-2.5:assisted-installer into pipeline:assisted-installer.","time":"2023-01-01T04:06:15Z"}
{"level":"info","msg":"Tagging openshift/release:golang-1.17 into pipeline:openshift_release_golang-1.17.","time":"2023-01-01T04:06:15Z"}
{"level":"info","msg":"Building src","time":"2023-01-01T04:06:16Z"}
{"level":"trace","msg":"Waiting for build to be complete.","name":"src","namespace":"ci-op-glw2w760","time":"2023-01-01T04:06:16Z"}
{"level":"info","msg":"Creating release image registry.build02.ci.openshift.org/ci-op-glw2w760/release:latest.","time":"2023-01-01T04:06:17Z"}
{"level":"debug","msg":"Executing pod \"release-latest\" running image \"stable:cli\"","time":"2023-01-01T04:06:17Z"}
{"level":"info","msg":"Snapshot integration stream into release 4.10.0-0.ci.test-2023-01-01-040617-ci-op-glw2w760-latest to tag release:latest ","time":"2023-01-01T04:07:47Z"}
{"level":"info","msg":"Build src succeeded after 2m39s","time":"2023-01-01T04:09:55Z"}
{"level":"info","msg":"Building assisted-service-scripts","time":"2023-01-01T04:09:55Z"}
{"level":"info","msg":"Building assisted-service","time":"2023-01-01T04:09:55Z"}
{"level":"info","msg":"Building assisted-service-build","time":"2023-01-01T04:09:55Z"}
{"level":"info","msg":"Building assisted-service-publish-index","time":"2023-01-01T04:09:55Z"}
{"level":"trace","msg":"Waiting for build to be complete.","name":"assisted-service-publish-index","namespace":"ci-op-glw2w760","time":"2023-01-01T04:09:55Z"}
{"level":"trace","msg":"Waiting for build to be complete.","name":"assisted-service-scripts","namespace":"ci-op-glw2w760","time":"2023-01-01T04:09:55Z"}
{"level":"trace","msg":"Waiting for build to be complete.","name":"assisted-service","namespace":"ci-op-glw2w760","time":"2023-01-01T04:09:55Z"}
{"level":"trace","msg":"Waiting for build to be complete.","name":"assisted-service-build","namespace":"ci-op-glw2w760","time":"2023-01-01T04:09:55Z"}
{"level":"info","msg":"Build assisted-service-publish-index succeeded after 3m45s","time":"2023-01-01T04:13:40Z"}
{"level":"info","msg":"Tagging assisted-service-publish-index into stable","time":"2023-01-01T04:13:40Z"}
{"level":"info","msg":"Build assisted-service-scripts succeeded after 2m10s","time":"2023-01-01T04:15:50Z"}
{"level":"info","msg":"Tagging assisted-service-scripts into stable","time":"2023-01-01T04:15:51Z"}
{"level":"info","msg":"Build assisted-service-build succeeded after 10m49s","time":"2023-01-01T04:27:50Z"}
{"level":"info","msg":"Tagging assisted-service-build into stable","time":"2023-01-01T04:27:50Z"}
{"level":"info","msg":"Building assisted-service-generate","time":"2023-01-01T04:27:50Z"}
{"level":"trace","msg":"Waiting for build to be complete.","name":"assisted-service-generate","namespace":"ci-op-glw2w760","time":"2023-01-01T04:27:50Z"}
{"level":"info","msg":"Build assisted-service succeeded after 5m58s","time":"2023-01-01T04:30:19Z"}
{"level":"info","msg":"Tagging assisted-service into stable","time":"2023-01-01T04:30:19Z"}
{"level":"info","msg":"Build assisted-service-generate succeeded after 2m30s","time":"2023-01-01T04:30:20Z"}
{"level":"info","msg":"Tagging assisted-service-generate into stable","time":"2023-01-01T04:30:20Z"}
{"level":"info","msg":"Acquiring leases for test e2e-metal-assisted-kube-api-late-binding-single-node-periodic: [packet-edge-quota-slice]","time":"2023-01-01T04:30:20Z"}
{"level":"debug","msg":"Acquiring 1 lease(s) for packet-edge-quota-slice","time":"2023-01-01T04:30:20Z"}
{"level":"info","msg":"Acquired 1 lease(s) for packet-edge-quota-slice: [99a8da77-d838-4f76-bb91-0f5b03c9f893]","time":"2023-01-01T04:30:20Z"}
{"level":"info","msg":"Running multi-stage test e2e-metal-assisted-kube-api-late-binding-single-node-periodic","time":"2023-01-01T04:30:20Z"}
{"level":"debug","msg":"Creating multi-stage test shared directory \"e2e-metal-assisted-kube-api-late-binding-single-node-periodic\"","time":"2023-01-01T04:30:20Z"}
{"level":"debug","msg":"Creating multi-stage test credentials for \"e2e-metal-assisted-kube-api-late-binding-single-node-periodic\"","time":"2023-01-01T04:30:20Z"}
{"level":"debug","msg":"Creating multi-stage test commands configmap for \"e2e-metal-assisted-kube-api-late-binding-single-node-periodic\"","time":"2023-01-01T04:30:20Z"}
{"level":"info","msg":"Running multi-stage phase pre","time":"2023-01-01T04:30:20Z"}
{"level":"info","msg":"Running step e2e-metal-assisted-kube-api-late-binding-single-node-periodic-baremetalds-packet-setup.","time":"2023-01-01T04:30:20Z"}
{"level":"debug","msg":"Executing pod \"e2e-metal-assisted-kube-api-late-binding-single-node-periodic-baremetalds-packet-setup\" running image \"pipeline:dev-scripts\"","time":"2023-01-01T04:30:20Z"}
{"level":"debug","msg":"Container ci-scheduling-dns-wait in pod e2e-metal-assisted-kube-api-late-binding-single-node-periodic-baremetalds-packet-setup completed successfully","time":"2023-01-01T04:30:31Z"}
{"level":"debug","msg":"Container place-entrypoint in pod e2e-metal-assisted-kube-api-late-binding-single-node-periodic-baremetalds-packet-setup completed successfully","time":"2023-01-01T04:30:31Z"}
{"level":"debug","msg":"Container cp-entrypoint-wrapper in pod e2e-metal-assisted-kube-api-late-binding-single-node-periodic-baremetalds-packet-setup completed successfully","time":"2023-01-01T04:30:31Z"}
{"level":"debug","msg":"Container sidecar in pod e2e-metal-assisted-kube-api-late-binding-single-node-periodic-baremetalds-packet-setup completed successfully","time":"2023-01-01T04:33:11Z"}
{"level":"debug","msg":"Container test in pod e2e-metal-assisted-kube-api-late-binding-single-node-periodic-baremetalds-packet-setup completed successfully","time":"2023-01-01T04:33:11Z"}
{"level":"debug","msg":"Pod e2e-metal-assisted-kube-api-late-binding-single-node-periodic-baremetalds-packet-setup succeeded after 2m47s","time":"2023-01-01T04:33:11Z"}
{"level":"info","msg":"Step e2e-metal-assisted-kube-api-late-binding-single-node-periodic-baremetalds-packet-setup succeeded after 2m50s.","time":"2023-01-01T04:33:11Z"}
{"level":"info","msg":"Running step e2e-metal-assisted-kube-api-late-binding-single-node-periodic-ipi-install-rbac.","time":"2023-01-01T04:33:11Z"}
{"level":"debug","msg":"Executing pod \"e2e-metal-assisted-kube-api-late-binding-single-node-periodic-ipi-install-rbac\" running image \"pipeline:cli\"","time":"2023-01-01T04:33:11Z"}
{"level":"debug","msg":"Container ci-scheduling-dns-wait in pod e2e-metal-assisted-kube-api-late-binding-single-node-periodic-ipi-install-rbac completed successfully","time":"2023-01-01T04:33:21Z"}
{"level":"debug","msg":"Container place-entrypoint in pod e2e-metal-assisted-kube-api-late-binding-single-node-periodic-ipi-install-rbac completed successfully","time":"2023-01-01T04:33:21Z"}
{"level":"debug","msg":"Container cp-entrypoint-wrapper in pod e2e-metal-assisted-kube-api-late-binding-single-node-periodic-ipi-install-rbac completed successfully","time":"2023-01-01T04:33:21Z"}
{"level":"debug","msg":"Container sidecar in pod e2e-metal-assisted-kube-api-late-binding-single-node-periodic-ipi-install-rbac completed successfully","time":"2023-01-01T04:33:21Z"}
{"level":"debug","msg":"Container test in pod e2e-metal-assisted-kube-api-late-binding-single-node-periodic-ipi-install-rbac completed successfully","time":"2023-01-01T04:33:21Z"}
{"level":"debug","msg":"Pod e2e-metal-assisted-kube-api-late-binding-single-node-periodic-ipi-install-rbac succeeded after 9s","time":"2023-01-01T04:33:31Z"}
{"level":"info","msg":"Step e2e-metal-assisted-kube-api-late-binding-single-node-periodic-ipi-install-rbac succeeded after 20s.","time":"2023-01-01T04:33:31Z"}
{"level":"info","msg":"Running step e2e-metal-assisted-kube-api-late-binding-single-node-periodic-assisted-common-setup-prepare.","time":"2023-01-01T04:33:31Z"}
{"level":"debug","msg":"Executing pod \"e2e-metal-assisted-kube-api-late-binding-single-node-periodic-assisted-common-setup-prepare\" running image \"pipeline:dev-scripts\"","time":"2023-01-01T04:33:31Z"}
{"level":"debug","msg":"Container ci-scheduling-dns-wait in pod e2e-metal-assisted-kube-api-late-binding-single-node-periodic-assisted-common-setup-prepare completed successfully","time":"2023-01-01T04:33:41Z"}
{"level":"debug","msg":"Container place-entrypoint in pod e2e-metal-assisted-kube-api-late-binding-single-node-periodic-assisted-common-setup-prepare completed successfully","time":"2023-01-01T04:33:41Z"}
{"level":"debug","msg":"Container cp-entrypoint-wrapper in pod e2e-metal-assisted-kube-api-late-binding-single-node-periodic-assisted-common-setup-prepare completed successfully","time":"2023-01-01T04:33:41Z"}
{"level":"debug","msg":"Container sidecar in pod e2e-metal-assisted-kube-api-late-binding-single-node-periodic-assisted-common-setup-prepare completed successfully","time":"2023-01-01T04:35:01Z"}
{"level":"debug","msg":"Container test in pod e2e-metal-assisted-kube-api-late-binding-single-node-periodic-assisted-common-setup-prepare completed successfully","time":"2023-01-01T04:35:01Z"}
{"level":"debug","msg":"Pod e2e-metal-assisted-kube-api-late-binding-single-node-periodic-assisted-common-setup-prepare succeeded after 1m22s","time":"2023-01-01T04:35:01Z"}
{"level":"info","msg":"Step e2e-metal-assisted-kube-api-late-binding-single-node-periodic-assisted-common-setup-prepare succeeded after 1m30s.","time":"2023-01-01T04:35:01Z"}
{"level":"info","msg":"Running step e2e-metal-assisted-kube-api-late-binding-single-node-periodic-assisted-common-setup-infra.","time":"2023-01-01T04:35:01Z"}
{"level":"debug","msg":"Executing pod \"e2e-metal-assisted-kube-api-late-binding-single-node-periodic-assisted-common-setup-infra\" running image \"pipeline:dev-scripts\"","time":"2023-01-01T04:35:01Z"}
{"level":"debug","msg":"Container ci-scheduling-dns-wait in pod e2e-metal-assisted-kube-api-late-binding-single-node-periodic-assisted-common-setup-infra completed successfully","time":"2023-01-01T04:35:11Z"}
{"level":"debug","msg":"Container place-entrypoint in pod e2e-metal-assisted-kube-api-late-binding-single-node-periodic-assisted-common-setup-infra completed successfully","time":"2023-01-01T04:35:11Z"}
{"level":"debug","msg":"Container cp-entrypoint-wrapper in pod e2e-metal-assisted-kube-api-late-binding-single-node-periodic-assisted-common-setup-infra completed successfully","time":"2023-01-01T04:35:11Z"}
{"level":"debug","msg":"Container sidecar in pod e2e-metal-assisted-kube-api-late-binding-single-node-periodic-assisted-common-setup-infra completed successfully","time":"2023-01-01T04:48:11Z"}
{"level":"debug","msg":"Container test in pod e2e-metal-assisted-kube-api-late-binding-single-node-periodic-assisted-common-setup-infra completed successfully","time":"2023-01-01T04:48:11Z"}
{"level":"debug","msg":"Pod e2e-metal-assisted-kube-api-late-binding-single-node-periodic-assisted-common-setup-infra succeeded after 13m2s","time":"2023-01-01T04:48:11Z"}
{"level":"info","msg":"Step e2e-metal-assisted-kube-api-late-binding-single-node-periodic-assisted-common-setup-infra succeeded after 13m10s.","time":"2023-01-01T04:48:11Z"}
{"level":"info","msg":"Running step e2e-metal-assisted-kube-api-late-binding-single-node-periodic-assisted-common-test.","time":"2023-01-01T04:48:11Z"}
{"level":"debug","msg":"Executing pod \"e2e-metal-assisted-kube-api-late-binding-single-node-periodic-assisted-common-test\" running image \"pipeline:dev-scripts\"","time":"2023-01-01T04:48:11Z"}
{"level":"debug","msg":"Container ci-scheduling-dns-wait in pod e2e-metal-assisted-kube-api-late-binding-single-node-periodic-assisted-common-test completed successfully","time":"2023-01-01T04:48:21Z"}
{"level":"debug","msg":"Container place-entrypoint in pod e2e-metal-assisted-kube-api-late-binding-single-node-periodic-assisted-common-test completed successfully","time":"2023-01-01T04:48:21Z"}
{"level":"debug","msg":"Container cp-entrypoint-wrapper in pod e2e-metal-assisted-kube-api-late-binding-single-node-periodic-assisted-common-test completed successfully","time":"2023-01-01T04:48:21Z"}
{"level":"debug","msg":"Container sidecar in pod e2e-metal-assisted-kube-api-late-binding-single-node-periodic-assisted-common-test completed successfully","time":"2023-01-01T05:26:31Z"}
{"level":"debug","msg":"Container test in pod e2e-metal-assisted-kube-api-late-binding-single-node-periodic-assisted-common-test completed successfully","time":"2023-01-01T05:26:31Z"}
{"level":"debug","msg":"Pod e2e-metal-assisted-kube-api-late-binding-single-node-periodic-assisted-common-test succeeded after 38m19s","time":"2023-01-01T05:26:31Z"}
{"level":"info","msg":"Step e2e-metal-assisted-kube-api-late-binding-single-node-periodic-assisted-common-test succeeded after 38m20s.","time":"2023-01-01T05:26:31Z"}
{"level":"info","msg":"Running step e2e-metal-assisted-kube-api-late-binding-single-node-periodic-assisted-common-post-install.","time":"2023-01-01T05:26:31Z"}
{"level":"debug","msg":"Executing pod \"e2e-metal-assisted-kube-api-late-binding-single-node-periodic-assisted-common-post-install\" running image \"pipeline:dev-scripts\"","time":"2023-01-01T05:26:31Z"}
{"level":"debug","msg":"Container ci-scheduling-dns-wait in pod e2e-metal-assisted-kube-api-late-binding-single-node-periodic-assisted-common-post-install completed successfully","time":"2023-01-01T05:26:41Z"}
{"level":"debug","msg":"Container place-entrypoint in pod e2e-metal-assisted-kube-api-late-binding-single-node-periodic-assisted-common-post-install completed successfully","time":"2023-01-01T05:26:41Z"}
{"level":"debug","msg":"Container cp-entrypoint-wrapper in pod e2e-metal-assisted-kube-api-late-binding-single-node-periodic-assisted-common-post-install completed successfully","time":"2023-01-01T05:26:41Z"}
{"level":"debug","msg":"Container sidecar in pod e2e-metal-assisted-kube-api-late-binding-single-node-periodic-assisted-common-post-install completed successfully","time":"2023-01-01T05:35:51Z"}
{"level":"info","msg":"Logs for container test in pod e2e-metal-assisted-kube-api-late-binding-single-node-periodic-assisted-common-post-install:","time":"2023-01-01T05:35:51Z"}
{"level":"info","msg":"************ assisted common post-install command ************\n+ cd /home/assisted\n+ source /root/config.sh\n++ export DATA_DIR=/home\n++ DATA_DIR=/home\n++ export REPO_DIR=/home/assisted\n++ REPO_DIR=/home/assisted\n++ export MINIKUBE_HOME=/home/assisted/minikube_home\n++ MINIKUBE_HOME=/home/assisted/minikube_home\n++ export INSTALLER_KUBECONFIG=/home/assisted/build/kubeconfig\n++ INSTALLER_KUBECONFIG=/home/assisted/build/kubeconfig\n+++ cat /root/pull-secret\n*** PULL_SECRET ***\n*** PULL_SECRET ***\n++ export CI=true\n++ CI=true\n++ export OPENSHIFT_CI=true\n++ OPENSHIFT_CI=true\n++ export REPO_NAME=\n++ REPO_NAME=\n++ export JOB_TYPE=periodic\n++ JOB_TYPE=periodic\n++ export PULL_NUMBER=\n++ PULL_NUMBER=\n++ export PULL_BASE_REF=\n++ PULL_BASE_REF=\n++ export RELEASE_IMAGE_LATEST=registry.build02.ci.openshift.org/ci-op-glw2w760/release@sha256:5f356eb4b4876d29e289ee22c84d48fb196806bdc64c341b0e7a1eb5ecc223d5\n++ RELEASE_IMAGE_LATEST=registry.build02.ci.openshift.org/ci-op-glw2w760/release@sha256:5f356eb4b4876d29e289ee22c84d48fb196806bdc64c341b0e7a1eb5ecc223d5\n++ export SERVICE=registry.build02.ci.openshift.org/ci-op-glw2w760/pipeline@sha256:f7410e7f7db7241e535c71bdc38d6d21abfe3f4456a32103cee1bb7bcdb74c62\n++ SERVICE=registry.build02.ci.openshift.org/ci-op-glw2w760/pipeline@sha256:f7410e7f7db7241e535c71bdc38d6d21abfe3f4456a32103cee1bb7bcdb74c62\nDISKS=\"sdb sdc sdd\" ./assisted-service/deploy/operator/destroy.sh\n++ export AGENT_DOCKER_IMAGE=registry.build02.ci.openshift.org/ci-op-glw2w760/pipeline@sha256:d04764731be783fb35151b94388f14bb876baf5e9aa2ff6193883f09b05da1bd\n++ AGENT_DOCKER_IMAGE=registry.build02.ci.openshift.org/ci-op-glw2w760/pipeline@sha256:d04764731be783fb35151b94388f14bb876baf5e9aa2ff6193883f09b05da1bd\n++ export CONTROLLER_IMAGE=registry.build02.ci.openshift.org/ci-op-glw2w760/pipeline@sha256:0fd66a4cfa96b0e8b2c4268909bdab16855d8a3b77e1df65b4edf1c9cbe429a6\n++ CONTROLLER_IMAGE=registry.build02.ci.openshift.org/ci-op-glw2w760/pipeline@sha256:0fd66a4cfa96b0e8b2c4268909bdab16855d8a3b77e1df65b4edf1c9cbe429a6\n++ export INSTALLER_IMAGE=registry.build02.ci.openshift.org/ci-op-glw2w760/pipeline@sha256:bcad72c858e5b1854e05af9c3226e770cb65d74b5335772cb5d224f664f97026\n++ INSTALLER_IMAGE=registry.build02.ci.openshift.org/ci-op-glw2w760/pipeline@sha256:bcad72c858e5b1854e05af9c3226e770cb65d74b5335772cb5d224f664f97026\n++ export IMAGE_SERVICE=registry.build02.ci.openshift.org/ci-op-glw2w760/pipeline@sha256:65ef036a5707d306799141c601f9100180643132ef1c95631d2d051a4c497e60\n++ IMAGE_SERVICE=registry.build02.ci.openshift.org/ci-op-glw2w760/pipeline@sha256:65ef036a5707d306799141c601f9100180643132ef1c95631d2d051a4c497e60\n++ export CHECK_CLUSTER_VERSION=True\n++ CHECK_CLUSTER_VERSION=True\n++ export TEST_TEARDOWN=false\n++ TEST_TEARDOWN=false\n++ export TEST_FUNC=test_install\n++ TEST_FUNC=test_install\n++ export ASSISTED_SERVICE_HOST=147.75.63.237\n++ ASSISTED_SERVICE_HOST=147.75.63.237\n++ export PUBLIC_CONTAINER_REGISTRIES=quay.io,registry.build02.ci.openshift.org,registry.build02.ci.openshift.org,registry.build02.ci.openshift.org,registry.build02.ci.openshift.org,registry.build02.ci.openshift.org\n++ PUBLIC_CONTAINER_REGISTRIES=quay.io,registry.build02.ci.openshift.org,registry.build02.ci.openshift.org,registry.build02.ci.openshift.org,registry.build02.ci.openshift.org,registry.build02.ci.openshift.org\n++ export OPENSHIFT_INSTALL_RELEASE_IMAGE=registry.build02.ci.openshift.org/ci-op-glw2w760/release@sha256:5f356eb4b4876d29e289ee22c84d48fb196806bdc64c341b0e7a1eb5ecc223d5\n++ OPENSHIFT_INSTALL_RELEASE_IMAGE=registry.build02.ci.openshift.org/ci-op-glw2w760/release@sha256:5f356eb4b4876d29e289ee22c84d48fb196806bdc64c341b0e7a1eb5ecc223d5\n++ source /root/platform-conf.sh\n++ export SERVICE_BASE_REF=release-ocm-2.5\n++ SERVICE_BASE_REF=release-ocm-2.5\n+ echo 'export KUBECONFIG=/home/assisted/build/kubeconfig'\n+ export KUBECONFIG=/home/assisted/build/kubeconfig\n+ KUBECONFIG=/home/assisted/build/kubeconfig\n+ source /root/assisted-post-install.sh\n++ export INDEX_IMAGE=quay.io/edge-infrastructure/assisted-service-index:ocm-2.5\n++ INDEX_IMAGE=quay.io/edge-infrastructure/assisted-service-index:ocm-2.5\n++ export TEST_FUNC=test_late_binding_kube_api_sno\n++ TEST_FUNC=test_late_binding_kube_api_sno\n+++ find /home/assisted/build/kubeconfig -type f\n++ export KUBECONFIG=/home/assisted/build/kubeconfig/kubeconfig_test-infra-cluster-ab419385\n++ KUBECONFIG=/home/assisted/build/kubeconfig/kubeconfig_test-infra-cluster-ab419385\n++ make deploy_assisted_operator test_kube_api_parallel\nError from server (NotFound): namespaces \"assisted-spoke-cluster\" not found\nerror: the server doesn't have a resource type \"clusterimageset\"\nnamespace \"assisted-installer\" deleted\nerror: the server doesn't have a resource type \"agentserviceconfigs\"\nerror: the server doesn't have a resource type \"localvolume\"\nError from server (NotFound): catalogsources.operators.coreos.com \"assisted-service-catalog\" not found\ndestroy\nUnattaching libvirt disks and destroying them...\nDone destroying libvirt disks!\n[skipper] Using build container: test-infra:latest\nmake start_load_balancer START_LOAD_BALANCER=true\nmake[1]: Entering directory '/home/assisted'\nmake[1]: Leaving directory '/home/assisted'\nNAMESPACE_INDEX=0 DEPLOY_TARGET=operator ./scripts/deploy_assisted_service.sh\n+ export SERVICE_NAME=assisted-service\n+ SERVICE_NAME=assisted-service\n++ get_main_ip\n+++ ip route get 1\n+++ sed 's/^.*src \\([^ ]*\\).*$/\\1/;q'\n++ echo 147.75.63.237\n+ export SERVICE_URL=147.75.63.237\n+ SERVICE_URL=147.75.63.237\n+ export AUTH_TYPE=none\n+ AUTH_TYPE=none\n+ export NAMESPACE=assisted-installer\n+ NAMESPACE=assisted-installer\n+ export SERVICE_PORT=6000\n+ SERVICE_PORT=6000\n+ export IMAGE_SERVICE_PORT=6016\n+ IMAGE_SERVICE_PORT=6016\n+ export IMAGE_SERVICE_BASE_URL=http://147.75.63.237:6016\n+ IMAGE_SERVICE_BASE_URL=http://147.75.63.237:6016\n+ export SERVICE_INTERNAL_PORT=8090\n+ SERVICE_INTERNAL_PORT=8090\n+ export IMAGE_SERVICE_INTERNAL_PORT=8080\n+ IMAGE_SERVICE_INTERNAL_PORT=8080\n+ export SERVICE_BASE_URL=http://147.75.63.237:6000\n+ SERVICE_BASE_URL=http://147.75.63.237:6000\n+ export EXTERNAL_PORT=y\n+ EXTERNAL_PORT=y\n+ export OCP_SERVICE_PORT=7000\n+ OCP_SERVICE_PORT=7000\n+ export OPENSHIFT_INSTALL_RELEASE_IMAGE=registry.build02.ci.openshift.org/ci-op-glw2w760/release@sha256:5f356eb4b4876d29e289ee22c84d48fb196806bdc64c341b0e7a1eb5ecc223d5\n+ OPENSHIFT_INSTALL_RELEASE_IMAGE=registry.build02.ci.openshift.org/ci-op-glw2w760/release@sha256:5f356eb4b4876d29e289ee22c84d48fb196806bdc64c341b0e7a1eb5ecc223d5\n+ export ENABLE_KUBE_API=false\n+ ENABLE_KUBE_API=false\n+ export ENABLE_KUBE_API_CMD=ENABLE_KUBE_API=false\n+ ENABLE_KUBE_API_CMD=ENABLE_KUBE_API=false\n+ export DEBUG_SERVICE_NAME=assisted-service-debug\n+ DEBUG_SERVICE_NAME=assisted-service-debug\n+ export IMAGE_SERVICE_NAME=assisted-image-service\n+ IMAGE_SERVICE_NAME=assisted-image-service\n+ export DEBUG_SERVICE_PORT=40000\n+ DEBUG_SERVICE_PORT=40000\n+ export DEBUG_SERVICE=\n+ DEBUG_SERVICE=\n+ export REGISTRY_SERVICE_NAME=registry\n+ REGISTRY_SERVICE_NAME=registry\n+ export REGISTRY_SERVICE_NAMESPACE=kube-system\n+ REGISTRY_SERVICE_NAMESPACE=kube-system\n+ export REGISTRY_SERVICE_PORT=80\n+ REGISTRY_SERVICE_PORT=80\n+ export REGISTRY_SERVICE_HOST_PORT=5000\n+ REGISTRY_SERVICE_HOST_PORT=5000\n+ [[ false == \\t\\r\\u\\e ]]\n+ [[ operator == \\o\\p\\e\\r\\a\\t\\o\\r ]]\n+ '[' -z '' ']'\n+ export 'OPENSHIFT_VERSIONS={}'\n+ OPENSHIFT_VERSIONS='{}'\n+ '[' -z '' ']'\n+ export 'RELEASE_IMAGES=[]'\n+ RELEASE_IMAGES='[]'\n+ mkdir -p build\n+ '[' registry.build02.ci.openshift.org/ci-op-glw2w760/release@sha256:5f356eb4b4876d29e289ee22c84d48fb196806bdc64c341b0e7a1eb5ecc223d5 '!=' '' ']'\n++ skipper run ./scripts/override_release_images.py --src ./assisted-service/data/default_release_images.json\n[skipper] Using build container: test-infra:latest\n+ export 'RELEASE_IMAGES=[{\"openshift_version\":\"4.6\",\"cpu_architecture\":\"x86_64\",\"url\":\"quay.io/openshift-release-dev/ocp-release:4.6.16-x86_64\",\"version\":\"4.6.16\"},{\"openshift_version\":\"4.7\",\"cpu_architecture\":\"x86_64\",\"url\":\"quay.io/openshift-release-dev/ocp-release:4.7.44-x86_64\",\"version\":\"4.7.44\"},{\"openshift_version\":\"4.8\",\"cpu_architecture\":\"x86_64\",\"url\":\"quay.io/openshift-release-dev/ocp-release:4.8.33-x86_64\",\"version\":\"4.8.33\"},{\"openshift_version\":\"4.9\",\"cpu_architecture\":\"x86_64\",\"url\":\"quay.io/openshift-release-dev/ocp-release:4.9.23-x86_64\",\"version\":\"4.9.23\",\"default\":true},{\"openshift_version\":\"4.9\",\"cpu_architecture\":\"arm64\",\"url\":\"quay.io/openshift-release-dev/ocp-release:4.9.23-aarch64\",\"version\":\"4.9.23\"},{\"openshift_version\":\"4.10\",\"cpu_architecture\":\"x86_64\",\"url\":\"registry.build02.ci.openshift.org/ci-op-glw2w760/release@sha256:5f356eb4b4876d29e289ee22c84d48fb196806bdc64c341b0e7a1eb5ecc223d5\",\"version\":\"4.10.0-0.ci.test-2023-01-01-040617-ci-op-glw2w760-latest\"}]'\n+ RELEASE_IMAGES='[{\"openshift_version\":\"4.6\",\"cpu_architecture\":\"x86_64\",\"url\":\"quay.io/openshift-release-dev/ocp-release:4.6.16-x86_64\",\"version\":\"4.6.16\"},{\"openshift_version\":\"4.7\",\"cpu_architecture\":\"x86_64\",\"url\":\"quay.io/openshift-release-dev/ocp-release:4.7.44-x86_64\",\"version\":\"4.7.44\"},{\"openshift_version\":\"4.8\",\"cpu_architecture\":\"x86_64\",\"url\":\"quay.io/openshift-release-dev/ocp-release:4.8.33-x86_64\",\"version\":\"4.8.33\"},{\"openshift_version\":\"4.9\",\"cpu_architecture\":\"x86_64\",\"url\":\"quay.io/openshift-release-dev/ocp-release:4.9.23-x86_64\",\"version\":\"4.9.23\",\"default\":true},{\"openshift_version\":\"4.9\",\"cpu_architecture\":\"arm64\",\"url\":\"quay.io/openshift-release-dev/ocp-release:4.9.23-aarch64\",\"version\":\"4.9.23\"},{\"openshift_version\":\"4.10\",\"cpu_architecture\":\"x86_64\",\"url\":\"registry.build02.ci.openshift.org/ci-op-glw2w760/release@sha256:5f356eb4b4876d29e289ee22c84d48fb196806bdc64c341b0e7a1eb5ecc223d5\",\"version\":\"4.10.0-0.ci.test-2023-01-01-040617-ci-op-glw2w760-latest\"}]'\n++ skipper run ./scripts/override_os_images.py --src ./assisted-service/data/default_os_images.json\n[skipper] Using build container: test-infra:latest\nconfiguring external ports\n+ export 'OS_IMAGES=[{\"openshift_version\":\"4.6\",\"cpu_architecture\":\"x86_64\",\"url\":\"https://mirror.openshift.com/pub/openshift-v4/dependencies/rhcos/4.6/4.6.8/rhcos-4.6.8-x86_64-live.x86_64.iso\",\"rootfs_url\":\"https://mirror.openshift.com/pub/openshift-v4/dependencies/rhcos/4.6/4.6.8/rhcos-live-rootfs.x86_64.img\",\"version\":\"46.82.202012051820-0\"},{\"openshift_version\":\"4.7\",\"cpu_architecture\":\"x86_64\",\"url\":\"https://mirror.openshift.com/pub/openshift-v4/dependencies/rhcos/4.7/4.7.33/rhcos-4.7.33-x86_64-live.x86_64.iso\",\"rootfs_url\":\"https://mirror.openshift.com/pub/openshift-v4/dependencies/rhcos/4.7/4.7.33/rhcos-live-rootfs.x86_64.img\",\"version\":\"47.84.202109241831-0\"},{\"openshift_version\":\"4.8\",\"cpu_architecture\":\"x86_64\",\"url\":\"https://mirror.openshift.com/pub/openshift-v4/dependencies/rhcos/4.8/4.8.14/rhcos-4.8.14-x86_64-live.x86_64.iso\",\"rootfs_url\":\"https://mirror.openshift.com/pub/openshift-v4/dependencies/rhcos/4.8/4.8.14/rhcos-live-rootfs.x86_64.img\",\"version\":\"48.84.202109241901-0\"},{\"openshift_version\":\"4.9\",\"cpu_architecture\":\"x86_64\",\"url\":\"https://mirror.openshift.com/pub/openshift-v4/dependencies/rhcos/4.9/4.9.0/rhcos-4.9.0-x86_64-live.x86_64.iso\",\"rootfs_url\":\"https://mirror.openshift.com/pub/openshift-v4/dependencies/rhcos/4.9/4.9.0/rhcos-live-rootfs.x86_64.img\",\"version\":\"49.84.202110081407-0\"},{\"openshift_version\":\"4.9\",\"cpu_architecture\":\"arm64\",\"url\":\"https://mirror.openshift.com/pub/openshift-v4/aarch64/dependencies/rhcos/4.9/4.9.0/rhcos-4.9.0-aarch64-live.aarch64.iso\",\"rootfs_url\":\"https://mirror.openshift.com/pub/openshift-v4/aarch64/dependencies/rhcos/4.9/4.9.0/rhcos-4.9.0-aarch64-live-rootfs.aarch64.img\",\"version\":\"49.84.202110080947-0\"},{\"openshift_version\":\"4.10\",\"cpu_architecture\":\"x86_64\",\"url\":\"https://mirror.openshift.com/pub/openshift-v4/dependencies/rhcos/4.10/4.10.3/rhcos-4.10.3-x86_64-live.x86_64.iso\",\"rootfs_url\":\"https://mirror.openshift.com/pub/openshift-v4/dependencies/rhcos/4.10/4.10.3/rhcos-4.10.3-x86_64-live-rootfs.x86_64.img\",\"version\":\"410.84.202201251210-0\"}]'\n+ OS_IMAGES='[{\"openshift_version\":\"4.6\",\"cpu_architecture\":\"x86_64\",\"url\":\"https://mirror.openshift.com/pub/openshift-v4/dependencies/rhcos/4.6/4.6.8/rhcos-4.6.8-x86_64-live.x86_64.iso\",\"rootfs_url\":\"https://mirror.openshift.com/pub/openshift-v4/dependencies/rhcos/4.6/4.6.8/rhcos-live-rootfs.x86_64.img\",\"version\":\"46.82.202012051820-0\"},{\"openshift_version\":\"4.7\",\"cpu_architecture\":\"x86_64\",\"url\":\"https://mirror.openshift.com/pub/openshift-v4/dependencies/rhcos/4.7/4.7.33/rhcos-4.7.33-x86_64-live.x86_64.iso\",\"rootfs_url\":\"https://mirror.openshift.com/pub/openshift-v4/dependencies/rhcos/4.7/4.7.33/rhcos-live-rootfs.x86_64.img\",\"version\":\"47.84.202109241831-0\"},{\"openshift_version\":\"4.8\",\"cpu_architecture\":\"x86_64\",\"url\":\"https://mirror.openshift.com/pub/openshift-v4/dependencies/rhcos/4.8/4.8.14/rhcos-4.8.14-x86_64-live.x86_64.iso\",\"rootfs_url\":\"https://mirror.openshift.com/pub/openshift-v4/dependencies/rhcos/4.8/4.8.14/rhcos-live-rootfs.x86_64.img\",\"version\":\"48.84.202109241901-0\"},{\"openshift_version\":\"4.9\",\"cpu_architecture\":\"x86_64\",\"url\":\"https://mirror.openshift.com/pub/openshift-v4/dependencies/rhcos/4.9/4.9.0/rhcos-4.9.0-x86_64-live.x86_64.iso\",\"rootfs_url\":\"https://mirror.openshift.com/pub/openshift-v4/dependencies/rhcos/4.9/4.9.0/rhcos-live-rootfs.x86_64.img\",\"version\":\"49.84.202110081407-0\"},{\"openshift_version\":\"4.9\",\"cpu_architecture\":\"arm64\",\"url\":\"https://mirror.openshift.com/pub/openshift-v4/aarch64/dependencies/rhcos/4.9/4.9.0/rhcos-4.9.0-aarch64-live.aarch64.iso\",\"rootfs_url\":\"https://mirror.openshift.com/pub/openshift-v4/aarch64/dependencies/rhcos/4.9/4.9.0/rhcos-4.9.0-aarch64-live-rootfs.aarch64.img\",\"version\":\"49.84.202110080947-0\"},{\"openshift_version\":\"4.10\",\"cpu_architecture\":\"x86_64\",\"url\":\"https://mirror.openshift.com/pub/openshift-v4/dependencies/rhcos/4.10/4.10.3/rhcos-4.10.3-x86_64-live.x86_64.iso\",\"rootfs_url\":\"https://mirror.openshift.com/pub/openshift-v4/dependencies/rhcos/4.10/4.10.3/rhcos-4.10.3-x86_64-live-rootfs.x86_64.img\",\"version\":\"410.84.202201251210-0\"}]'\n+ '[' operator == onprem ']'\n+ '[' operator == onprem ']'\n+ '[' operator == operator ']'\n+ export SERVICE_BASE_URL=http://147.75.63.237:7000\n+ SERVICE_BASE_URL=http://147.75.63.237:7000\n+ add_firewalld_port 7000\n+ port=7000\n+ '[' y = y ']'\n+ echo 'configuring external ports'\n+ sudo firewall-cmd --zone=public --add-port=7000/tcp\nsuccess\nconfiguring libvirt zone ports ports\n+ echo 'configuring libvirt zone ports ports'\n+ sudo firewall-cmd --zone=libvirt --add-port=7000/tcp\nsuccess\n+ ROUTE=dummy.route\n+ tee /root/.test-infra/etc/nginx/conf.d/http_localhost.conf\nupstream upstream_147_75_63_237 {\n    server dummy.route:443;\n}\n\nserver {\n    listen 147.75.63.237:7000;\n\n    location / {\n        proxy_pass https://upstream_147_75_63_237;\n        proxy_set_header Host dummy.route;\n    }\n}\n+ export 'DISKS=sdb sdc sdd'\n+ DISKS='sdb sdc sdd'\n+ export ASSISTED_NAMESPACE=assisted-installer\n+ ASSISTED_NAMESPACE=assisted-installer\n+ export SERVICE_IMAGE=registry.build02.ci.openshift.org/ci-op-glw2w760/pipeline@sha256:f7410e7f7db7241e535c71bdc38d6d21abfe3f4456a32103cee1bb7bcdb74c62\n+ SERVICE_IMAGE=registry.build02.ci.openshift.org/ci-op-glw2w760/pipeline@sha256:f7410e7f7db7241e535c71bdc38d6d21abfe3f4456a32103cee1bb7bcdb74c62\n+ ./assisted-service/deploy/operator/deploy.sh\n+ '[' false = true ']'\n+ /home/assisted/assisted-service/deploy/operator/libvirt_disks.sh create\ncreate\nCreating libvirt disks and attaching them...\nFormatting '/tmp/test-infra-cluster-ab419385-worker-0-sdb.img', fmt=raw size=53687091200\nDisk attached successfully\n\nFormatting '/tmp/test-infra-cluster-ab419385-worker-0-sdc.img', fmt=raw size=53687091200\nDisk attached successfully\n\nFormatting '/tmp/test-infra-cluster-ab419385-worker-0-sdd.img', fmt=raw size=53687091200\nDisk attached successfully\n\nFormatting '/tmp/test-infra-cluster-ab419385-worker-1-sdb.img', fmt=raw size=53687091200\nDisk attached successfully\n\nFormatting '/tmp/test-infra-cluster-ab419385-worker-1-sdc.img', fmt=raw size=53687091200\nDisk attached successfully\n\nFormatting '/tmp/test-infra-cluster-ab419385-worker-1-sdd.img', fmt=raw size=53687091200\nDisk attached successfully\n\nDone creating libvirt disks!\n+ '[' true = true ']'\n+ /home/assisted/assisted-service/deploy/operator/setup_lso.sh install_lso\ninstall_lso\nCreated project openshift-local-storage\nAttempt 1/5 to execute \"oc annotate project openshift-local-storage openshift.io/node-selector= --overwrite=true\"...\nError from server (Conflict): Operation cannot be fulfilled on namespaces \"openshift-local-storage\": the object has been modified; please apply your changes to the latest version and try again\nFailed with exit code 1, retrying \"oc annotate project openshift-local-storage openshift.io/node-selector= --overwrite=true\"...\nAttempt 2/5 to execute \"oc annotate project openshift-local-storage openshift.io/node-selector= --overwrite=true\"...\nproject.project.openshift.io/openshift-local-storage annotated\napiVersion: operators.coreos.com/v1alpha2\nkind: OperatorGroup\nmetadata:\n  name: local-operator-group\n  namespace: openshift-local-storage\nspec:\n  targetNamespaces:\n  - openshift-local-storage\n---\napiVersion: operators.coreos.com/v1alpha1\nkind: Subscription\nmetadata:\n  name: local-storage-operator\n  namespace: openshift-local-storage\nspec:\n  installPlanApproval: Automatic\n  name: local-storage-operator\n  source: redhat-operators\n  sourceNamespace: openshift-marketplace\nWaiting for operator local-storage-operator to get installed on namespace openshift-local-storage...\nError from server (NotFound): subscriptions.operators.coreos.com \"local-storage-operator\" not found\noperatorgroup.operators.coreos.com/local-operator-group created\nsubscription.operators.coreos.com/local-storage-operator created\nClusterServiceVersion (local-storage-operator.4.10.0-202212010847) is ready\nDone installing local-storage-operator!\n+ /home/assisted/assisted-service/deploy/operator/setup_lso.sh create_local_volume\ncreate_local_volume\nWaiting for (crd/localvolumes.local.storage.openshift.io) on namespace (openshift-local-storage) with labels () to be created...\nNAME                                      CREATED AT\nlocalvolumes.local.storage.openshift.io   2023-01-01T05:27:44Z\nWaiting for (crd/localvolumes.local.storage.openshift.io) on namespace (openshift-local-storage) with labels () to become (Established)...\ncustomresourcedefinition.apiextensions.k8s.io/localvolumes.local.storage.openshift.io condition met\napiVersion: local.storage.openshift.io/v1\nkind: LocalVolume\nmetadata:\n  name: assisted-service\n  namespace: openshift-local-storage\nspec:\n  logLevel: Normal\n  managementState: Managed\n  storageClassDevices:\n    - devicePaths:\n        - /dev/disk/by-id/wwn-0x02564d22a39983ba\n        - /dev/disk/by-id/wwn-0x0d16b87ded1e0c2c\n        - /dev/disk/by-id/wwn-0x0b1e4a422a5f0487\n      storageClassName: assisted-service\n      volumeMode: Filesystem\nDone creating local volume for assisted-service!\n+ /home/assisted/assisted-service/deploy/operator/setup_hive.sh with_olm\n+ HIVE_IMAGE=registry.ci.openshift.org/openshift/hive-v4.0:hive\nwith_olm\n+ '[' -z with_olm ']'\n+ declare -F with_olm\n+ with_olm\n+ '[' false = true ']'\n+ cat\n+ oc apply -f -\nnamespace/hive created\noperatorgroup.operators.coreos.com/hive-group created\nsubscription.operators.coreos.com/hive-operator created\n+ wait_for_operator hive-operator hive\n+ subscription=hive-operator\n+ namespace=hive\n+ echo 'Waiting for operator hive-operator to get installed on namespace hive...'\nWaiting for operator hive-operator to get installed on namespace hive...\n++ seq 1 60\n+ for _ in $(seq 1 60)\n++ oc -n hive get subscription hive-operator -o 'jsonpath={.status.installedCSV}'\n+ csv=\n+ [[ -n '' ]]\n+ sleep 10\nlocalvolume.local.storage.openshift.io/assisted-service created\n+ for _ in $(seq 1 60)\n++ oc -n hive get subscription hive-operator -o 'jsonpath={.status.installedCSV}'\n+ csv=\n+ [[ -n '' ]]\n+ sleep 10\n+ for _ in $(seq 1 60)\n++ oc -n hive get subscription hive-operator -o 'jsonpath={.status.installedCSV}'\n+ csv=hive-operator.v2.5.3516-a2ed9b3\n+ [[ -n hive-operator.v2.5.3516-a2ed9b3 ]]\n++ oc -n hive get csv hive-operator.v2.5.3516-a2ed9b3 -o 'jsonpath={.status.phase}'\n+ [[ Installing == \\S\\u\\c\\c\\e\\e\\d\\e\\d ]]\n+ sleep 10\n+ for _ in $(seq 1 60)\n++ oc -n hive get subscription hive-operator -o 'jsonpath={.status.installedCSV}'\n+ csv=hive-operator.v2.5.3516-a2ed9b3\n+ [[ -n hive-operator.v2.5.3516-a2ed9b3 ]]\n++ oc -n hive get csv hive-operator.v2.5.3516-a2ed9b3 -o 'jsonpath={.status.phase}'\n+ [[ Installing == \\S\\u\\c\\c\\e\\e\\d\\e\\d ]]\n+ sleep 10\n+ for _ in $(seq 1 60)\n++ oc -n hive get subscription hive-operator -o 'jsonpath={.status.installedCSV}'\n+ csv=hive-operator.v2.5.3516-a2ed9b3\n+ [[ -n hive-operator.v2.5.3516-a2ed9b3 ]]\n++ oc -n hive get csv hive-operator.v2.5.3516-a2ed9b3 -o 'jsonpath={.status.phase}'\nClusterServiceVersion (hive-operator.v2.5.3516-a2ed9b3) is ready\n+ [[ Succeeded == \\S\\u\\c\\c\\e\\e\\d\\e\\d ]]\n+ echo 'ClusterServiceVersion (hive-operator.v2.5.3516-a2ed9b3) is ready'\n+ return 0\n+ wait_for_crd clusterdeployments.hive.openshift.io\n+ crd=clusterdeployments.hive.openshift.io\nWaiting for (crd/clusterdeployments.hive.openshift.io) on namespace () with labels () to be created...\n+ namespace=\n+ wait_for_condition crd/clusterdeployments.hive.openshift.io Established 60s ''\n+ object=crd/clusterdeployments.hive.openshift.io\n+ condition=Established\n+ timeout=60s\n+ namespace=\n+ selector=\n+ echo 'Waiting for (crd/clusterdeployments.hive.openshift.io) on namespace () with labels () to be created...'\n+ for i in {1..40}\n+ oc get crd/clusterdeployments.hive.openshift.io --selector= --namespace=\n+ grep -ivE '(no resources found|not found)'\nNAME                                   CREATED AT\nclusterdeployments.hive.openshift.io   2023-01-01T05:28:17Z\n+ break\n+ echo 'Waiting for (crd/clusterdeployments.hive.openshift.io) on namespace () with labels () to become (Established)...'\nWaiting for (crd/clusterdeployments.hive.openshift.io) on namespace () with labels () to become (Established)...\n+ oc wait -n '' --for=condition=Established --selector '' crd/clusterdeployments.hive.openshift.io --timeout=60s\ncustomresourcedefinition.apiextensions.k8s.io/clusterdeployments.hive.openshift.io condition met\nHive installed successfully!\n+ echo 'Hive installed successfully!'\n+ enable_agent_install_strategy\n+ tee /dev/fd/63\n++ oc apply -f -\napiVersion: hive.openshift.io/v1\nkind: HiveConfig\nmetadata:\n  name: hive\nspec:\n  logLevel: debug\n  targetNamespace: hive\n  featureGates:\n    custom:\n      enabled:\n      - AlphaAgentInstallStrategy\n    featureSet: Custom\n+ wait_for_condition hiveconfig.hive.openshift.io/hive Ready 10m\n+ object=hiveconfig.hive.openshift.io/hive\n+ condition=Ready\nWaiting for (hiveconfig.hive.openshift.io/hive) on namespace () with labels () to be created...\n+ timeout=10m\n+ namespace=\n+ selector=\n+ echo 'Waiting for (hiveconfig.hive.openshift.io/hive) on namespace () with labels () to be created...'\n+ for i in {1..40}\n+ oc get hiveconfig.hive.openshift.io/hive --selector= --namespace=\n+ grep -ivE '(no resources found|not found)'\n+ sleep 10\nhiveconfig.hive.openshift.io/hive created\n+ for i in {1..40}\n+ oc get hiveconfig.hive.openshift.io/hive --selector= --namespace=\n+ grep -ivE '(no resources found|not found)'\nNAME   AGE\nhive   8s\n+ break\n+ echo 'Waiting for (hiveconfig.hive.openshift.io/hive) on namespace () with labels () to become (Ready)...'\nWaiting for (hiveconfig.hive.openshift.io/hive) on namespace () with labels () to become (Ready)...\n+ oc wait -n '' --for=condition=Ready --selector '' hiveconfig.hive.openshift.io/hive --timeout=10m\nhiveconfig.hive.openshift.io/hive condition met\n+ /home/assisted/assisted-service/deploy/operator/setup_assisted_operator.sh from_index_image\n++ INDEX_IMAGE=quay.io/edge-infrastructure/assisted-service-index:ocm-2.5\n++ STORAGE_CLASS_NAME=assisted-service\n++ INDEX_TAG=latest\nfrom_index_image\n++ '[' -z from_index_image ']'\n++ declare -F from_index_image\n++ from_index_image\n++ '[' false = true ']'\n++ catalog_source_name=assisted-service-operator-catalog\n++ install_from_catalog_source assisted-service-operator-catalog\n++ catalog_source_name=assisted-service-operator-catalog\n++ '[' false = true ']'\n++ catalog_source=assisted-service-operator-catalog\n++ '[' false '!=' true ']'\n++ tee /dev/fd/63\n+++ oc apply -f -\napiVersion: operators.coreos.com/v1alpha1\nkind: CatalogSource\nmetadata:\n  name: assisted-service-operator-catalog\n  namespace: openshift-marketplace\nspec:\n  sourceType: grpc\n  image: quay.io/edge-infrastructure/assisted-service-index:ocm-2.5\n  displayName: Assisted Test Registry\n  publisher: Assisted Developer\n++ tee /dev/fd/63\n+++ oc apply -f -\napiVersion: v1\nkind: Namespace\nmetadata:\n  name: assisted-installer\n  labels:\n    name: assisted-installer\n---\napiVersion: operators.coreos.com/v1\nkind: OperatorGroup\nmetadata:\n  name: assisted-installer-group\n  namespace: assisted-installer\nspec:\n  targetNamespaces:\n    - assisted-installer\n---\napiVersion: operators.coreos.com/v1alpha1\nkind: Subscription\nmetadata:\n  name: assisted-service-operator\n  namespace: assisted-installer\nspec:\n  config:\n    env:\n    - name: CONTROLLER_IMAGE\n      value: 'registry.build02.ci.openshift.org/ci-op-glw2w760/pipeline@sha256:0fd66a4cfa96b0e8b2c4268909bdab16855d8a3b77e1df65b4edf1c9cbe429a6'\n    - name: INSTALLER_IMAGE\n      value: 'registry.build02.ci.openshift.org/ci-op-glw2w760/pipeline@sha256:bcad72c858e5b1854e05af9c3226e770cb65d74b5335772cb5d224f664f97026'\n    - name: SERVICE_IMAGE\n      value: 'registry.build02.ci.openshift.org/ci-op-glw2w760/pipeline@sha256:f7410e7f7db7241e535c71bdc38d6d21abfe3f4456a32103cee1bb7bcdb74c62'\n  installPlanApproval: Automatic\n  name: assisted-service-operator\n  source: assisted-service-operator-catalog\n  channel: ocm-2.5\n  sourceNamespace: openshift-marketplace\nWaiting for (crd/agentserviceconfigs.agent-install.openshift.io) on namespace () with labels () to be created...\n+++ subscription_config\n+++ '[' -n '' ']'\n+++ '[' -n registry.build02.ci.openshift.org/ci-op-glw2w760/pipeline@sha256:0fd66a4cfa96b0e8b2c4268909bdab16855d8a3b77e1df65b4edf1c9cbe429a6 ']'\n+++ cat\n+++ '[' -n '' ']'\n+++ '[' -n registry.build02.ci.openshift.org/ci-op-glw2w760/pipeline@sha256:bcad72c858e5b1854e05af9c3226e770cb65d74b5335772cb5d224f664f97026 ']'\n+++ cat\n+++ '[' -n registry.build02.ci.openshift.org/ci-op-glw2w760/pipeline@sha256:f7410e7f7db7241e535c71bdc38d6d21abfe3f4456a32103cee1bb7bcdb74c62 ']'\n+++ cat\n++ wait_for_crd agentserviceconfigs.agent-install.openshift.io\n++ crd=agentserviceconfigs.agent-install.openshift.io\n++ namespace=\n++ wait_for_condition crd/agentserviceconfigs.agent-install.openshift.io Established 60s ''\n++ object=crd/agentserviceconfigs.agent-install.openshift.io\n++ condition=Established\n++ timeout=60s\n++ namespace=\n++ selector=\n++ echo 'Waiting for (crd/agentserviceconfigs.agent-install.openshift.io) on namespace () with labels () to be created...'\n++ for i in {1..40}\n++ oc get crd/agentserviceconfigs.agent-install.openshift.io --selector= --namespace=\n++ grep -ivE '(no resources found|not found)'\n++ sleep 10\ncatalogsource.operators.coreos.com/assisted-service-operator-catalog created\nnamespace/assisted-installer created\noperatorgroup.operators.coreos.com/assisted-installer-group created\nsubscription.operators.coreos.com/assisted-service-operator created\n++ for i in {1..40}\n++ oc get crd/agentserviceconfigs.agent-install.openshift.io --selector= --namespace=\n++ grep -ivE '(no resources found|not found)'\n++ sleep 10\n++ for i in {1..40}\n++ oc get crd/agentserviceconfigs.agent-install.openshift.io --selector= --namespace=\n++ grep -ivE '(no resources found|not found)'\n++ sleep 10\n++ for i in {1..40}\n++ grep -ivE '(no resources found|not found)'\n++ oc get crd/agentserviceconfigs.agent-install.openshift.io --selector= --namespace=\n++ sleep 10\n++ for i in {1..40}\n++ oc get crd/agentserviceconfigs.agent-install.openshift.io --selector= --namespace=\n++ grep -ivE '(no resources found|not found)'\n++ sleep 10\n++ for i in {1..40}\n++ oc get crd/agentserviceconfigs.agent-install.openshift.io --selector= --namespace=\n++ grep -ivE '(no resources found|not found)'\n++ sleep 10\n++ for i in {1..40}\n++ oc get crd/agentserviceconfigs.agent-install.openshift.io --selector= --namespace=\n++ grep -ivE '(no resources found|not found)'\n++ sleep 10\n++ for i in {1..40}\n++ oc get crd/agentserviceconfigs.agent-install.openshift.io --selector= --namespace=\n++ grep -ivE '(no resources found|not found)'\n++ sleep 10\n++ for i in {1..40}\n++ oc get crd/agentserviceconfigs.agent-install.openshift.io --selector= --namespace=\n++ grep -ivE '(no resources found|not found)'\n++ sleep 10\n++ for i in {1..40}\n++ oc get crd/agentserviceconfigs.agent-install.openshift.io --selector= --namespace=\n++ grep -ivE '(no resources found|not found)'\n++ sleep 10\n++ for i in {1..40}\n++ oc get crd/agentserviceconfigs.agent-install.openshift.io --selector= --namespace=\n++ grep -ivE '(no resources found|not found)'\n++ sleep 10\n++ for i in {1..40}\n++ oc get crd/agentserviceconfigs.agent-install.openshift.io --selector= --namespace=\n++ grep -ivE '(no resources found|not found)'\n++ sleep 10\n++ for i in {1..40}\n++ oc get crd/agentserviceconfigs.agent-install.openshift.io --selector= --namespace=\n++ grep -ivE '(no resources found|not found)'\n++ sleep 10\n++ for i in {1..40}\n++ oc get crd/agentserviceconfigs.agent-install.openshift.io --selector= --namespace=\n++ grep -ivE '(no resources found|not found)'\n++ sleep 10\n++ for i in {1..40}\n++ oc get crd/agentserviceconfigs.agent-install.openshift.io --selector= --namespace=\n++ grep -ivE '(no resources found|not found)'\n++ sleep 10\n++ for i in {1..40}\n++ oc get crd/agentserviceconfigs.agent-install.openshift.io --selector= --namespace=\n++ grep -ivE '(no resources found|not found)'\n++ sleep 10\n++ for i in {1..40}\n++ oc get crd/agentserviceconfigs.agent-install.openshift.io --selector= --namespace=\n++ grep -ivE '(no resources found|not found)'\n++ sleep 10\n++ for i in {1..40}\n++ oc get crd/agentserviceconfigs.agent-install.openshift.io --selector= --namespace=\n++ grep -ivE '(no resources found|not found)'\n++ sleep 10\n++ for i in {1..40}\n++ oc get crd/agentserviceconfigs.agent-install.openshift.io --selector= --namespace=\n++ grep -ivE '(no resources found|not found)'\n++ sleep 10\n++ for i in {1..40}\n++ oc get crd/agentserviceconfigs.agent-install.openshift.io --selector= --namespace=\n++ grep -ivE '(no resources found|not found)'\n++ sleep 10\n++ for i in {1..40}\n++ oc get crd/agentserviceconfigs.agent-install.openshift.io --selector= --namespace=\n++ grep -ivE '(no resources found|not found)'\n++ sleep 10\n++ for i in {1..40}\n++ oc get crd/agentserviceconfigs.agent-install.openshift.io --selector= --namespace=\n++ grep -ivE '(no resources found|not found)'\n++ sleep 10\n++ for i in {1..40}\n++ oc get crd/agentserviceconfigs.agent-install.openshift.io --selector= --namespace=\n++ grep -ivE '(no resources found|not found)'\n++ sleep 10\n++ for i in {1..40}\n++ oc get crd/agentserviceconfigs.agent-install.openshift.io --selector= --namespace=\n++ grep -ivE '(no resources found|not found)'\n++ sleep 10\n++ for i in {1..40}\n++ oc get crd/agentserviceconfigs.agent-install.openshift.io --selector= --namespace=\n++ grep -ivE '(no resources found|not found)'\n++ sleep 10\n++ for i in {1..40}\n++ oc get crd/agentserviceconfigs.agent-install.openshift.io --selector= --namespace=\n++ grep -ivE '(no resources found|not found)'\n++ sleep 10\n++ for i in {1..40}\n++ oc get crd/agentserviceconfigs.agent-install.openshift.io --selector= --namespace=\n++ grep -ivE '(no resources found|not found)'\n++ sleep 10\n++ for i in {1..40}\n++ oc get crd/agentserviceconfigs.agent-install.openshift.io --selector= --namespace=\n++ grep -ivE '(no resources found|not found)'\n++ sleep 10\n++ for i in {1..40}\n++ oc get crd/agentserviceconfigs.agent-install.openshift.io --selector= --namespace=\n++ grep -ivE '(no resources found|not found)'\n++ sleep 10\n++ for i in {1..40}\n++ oc get crd/agentserviceconfigs.agent-install.openshift.io --selector= --namespace=\n++ grep -ivE '(no resources found|not found)'\n++ sleep 10\n++ for i in {1..40}\n++ oc get crd/agentserviceconfigs.agent-install.openshift.io --selector= --namespace=\n++ grep -ivE '(no resources found|not found)'\n++ sleep 10\n++ for i in {1..40}\n++ oc get crd/agentserviceconfigs.agent-install.openshift.io --selector= --namespace=\n++ grep -ivE '(no resources found|not found)'\n++ sleep 10\n++ for i in {1..40}\n++ oc get crd/agentserviceconfigs.agent-install.openshift.io --selector= --namespace=\n++ grep -ivE '(no resources found|not found)'\n++ sleep 10\n++ for i in {1..40}\n++ oc get crd/agentserviceconfigs.agent-install.openshift.io --selector= --namespace=\n++ grep -ivE '(no resources found|not found)'\n++ sleep 10\n++ for i in {1..40}\n++ oc get crd/agentserviceconfigs.agent-install.openshift.io --selector= --namespace=\n++ grep -ivE '(no resources found|not found)'\n++ sleep 10\n++ for i in {1..40}\n++ oc get crd/agentserviceconfigs.agent-install.openshift.io --selector= --namespace=\n++ grep -ivE '(no resources found|not found)'\n++ sleep 10\n++ for i in {1..40}\n++ oc get crd/agentserviceconfigs.agent-install.openshift.io --selector= --namespace=\n++ grep -ivE '(no resources found|not found)'\n++ sleep 10\n++ for i in {1..40}\n++ oc get crd/agentserviceconfigs.agent-install.openshift.io --selector= --namespace=\n++ grep -ivE '(no resources found|not found)'\n++ sleep 10\n++ for i in {1..40}\n++ oc get crd/agentserviceconfigs.agent-install.openshift.io --selector= --namespace=\n++ grep -ivE '(no resources found|not found)'\n++ sleep 10\n++ for i in {1..40}\n++ oc get crd/agentserviceconfigs.agent-install.openshift.io --selector= --namespace=\n++ grep -ivE '(no resources found|not found)'\n++ sleep 10\n++ echo 'Waiting for (crd/agentserviceconfigs.agent-install.openshift.io) on namespace () with labels () to become (Established)...'\nWaiting for (crd/agentserviceconfigs.agent-install.openshift.io) on namespace () with labels () to become (Established)...\n++ oc wait -n '' --for=condition=Established --selector '' crd/agentserviceconfigs.agent-install.openshift.io --timeout=60s\nError from server (NotFound): customresourcedefinitions.apiextensions.k8s.io \"agentserviceconfigs.agent-install.openshift.io\" not found\nmake: *** [Makefile:267: deploy_assisted_operator] Error 1\n{\"component\":\"entrypoint\",\"error\":\"wrapped process failed: exit status 2\",\"file\":\"k8s.io/test-infra/prow/entrypoint/run.go:79\",\"func\":\"k8s.io/test-infra/prow/entrypoint.Options.Run\",\"level\":\"error\",\"msg\":\"Error executing test process\",\"severity\":\"error\",\"time\":\"2023-01-01T05:35:48Z\"}\nerror: failed to execute wrapped command: exit status 2","time":"2023-01-01T05:35:51Z"}
{"level":"debug","msg":"Container test in pod e2e-metal-assisted-kube-api-late-binding-single-node-periodic-assisted-common-post-install failed, exit code 1, reason Error","time":"2023-01-01T05:35:51Z"}
{"level":"info","msg":"Step e2e-metal-assisted-kube-api-late-binding-single-node-periodic-assisted-common-post-install failed after 9m20s.","time":"2023-01-01T05:35:51Z"}
{"level":"info","msg":"Step phase pre failed after 1h5m30s.","time":"2023-01-01T05:35:51Z"}
{"level":"info","msg":"Running multi-stage phase post","time":"2023-01-01T05:35:51Z"}
{"level":"info","msg":"Running step e2e-metal-assisted-kube-api-late-binding-single-node-periodic-assisted-common-gather.","time":"2023-01-01T05:35:51Z"}
{"level":"debug","msg":"Executing pod \"e2e-metal-assisted-kube-api-late-binding-single-node-periodic-assisted-common-gather\" running image \"pipeline:dev-scripts\"","time":"2023-01-01T05:35:51Z"}
{"level":"debug","msg":"Container ci-scheduling-dns-wait in pod e2e-metal-assisted-kube-api-late-binding-single-node-periodic-assisted-common-gather completed successfully","time":"2023-01-01T05:36:01Z"}
{"level":"debug","msg":"Container place-entrypoint in pod e2e-metal-assisted-kube-api-late-binding-single-node-periodic-assisted-common-gather completed successfully","time":"2023-01-01T05:36:01Z"}
{"level":"debug","msg":"Container cp-entrypoint-wrapper in pod e2e-metal-assisted-kube-api-late-binding-single-node-periodic-assisted-common-gather completed successfully","time":"2023-01-01T05:36:01Z"}
{"level":"debug","msg":"Container test in pod e2e-metal-assisted-kube-api-late-binding-single-node-periodic-assisted-common-gather completed successfully","time":"2023-01-01T06:04:31Z"}
{"level":"debug","msg":"Container sidecar in pod e2e-metal-assisted-kube-api-late-binding-single-node-periodic-assisted-common-gather completed successfully","time":"2023-01-01T06:04:41Z"}
{"level":"debug","msg":"Pod e2e-metal-assisted-kube-api-late-binding-single-node-periodic-assisted-common-gather succeeded after 28m42s","time":"2023-01-01T06:04:41Z"}
{"level":"info","msg":"Step e2e-metal-assisted-kube-api-late-binding-single-node-periodic-assisted-common-gather succeeded after 28m50s.","time":"2023-01-01T06:04:41Z"}
{"level":"info","msg":"Running step e2e-metal-assisted-kube-api-late-binding-single-node-periodic-baremetalds-packet-gather-metadata.","time":"2023-01-01T06:04:41Z"}
{"level":"debug","msg":"Executing pod \"e2e-metal-assisted-kube-api-late-binding-single-node-periodic-baremetalds-packet-gather-metadata\" running image \"pipeline:dev-scripts\"","time":"2023-01-01T06:04:41Z"}
{"level":"debug","msg":"Container ci-scheduling-dns-wait in pod e2e-metal-assisted-kube-api-late-binding-single-node-periodic-baremetalds-packet-gather-metadata completed successfully","time":"2023-01-01T06:04:51Z"}
{"level":"debug","msg":"Container place-entrypoint in pod e2e-metal-assisted-kube-api-late-binding-single-node-periodic-baremetalds-packet-gather-metadata completed successfully","time":"2023-01-01T06:04:51Z"}
{"level":"debug","msg":"Container cp-entrypoint-wrapper in pod e2e-metal-assisted-kube-api-late-binding-single-node-periodic-baremetalds-packet-gather-metadata completed successfully","time":"2023-01-01T06:04:51Z"}
{"level":"debug","msg":"Container sidecar in pod e2e-metal-assisted-kube-api-late-binding-single-node-periodic-baremetalds-packet-gather-metadata completed successfully","time":"2023-01-01T06:05:31Z"}
{"level":"debug","msg":"Container test in pod e2e-metal-assisted-kube-api-late-binding-single-node-periodic-baremetalds-packet-gather-metadata completed successfully","time":"2023-01-01T06:05:31Z"}
{"level":"debug","msg":"Pod e2e-metal-assisted-kube-api-late-binding-single-node-periodic-baremetalds-packet-gather-metadata succeeded after 40s","time":"2023-01-01T06:05:31Z"}
{"level":"info","msg":"Step e2e-metal-assisted-kube-api-late-binding-single-node-periodic-baremetalds-packet-gather-metadata succeeded after 50s.","time":"2023-01-01T06:05:31Z"}
{"level":"info","msg":"Running step e2e-metal-assisted-kube-api-late-binding-single-node-periodic-baremetalds-packet-teardown.","time":"2023-01-01T06:05:31Z"}
{"level":"debug","msg":"Executing pod \"e2e-metal-assisted-kube-api-late-binding-single-node-periodic-baremetalds-packet-teardown\" running image \"pipeline:dev-scripts\"","time":"2023-01-01T06:05:31Z"}
{"level":"debug","msg":"Container ci-scheduling-dns-wait in pod e2e-metal-assisted-kube-api-late-binding-single-node-periodic-baremetalds-packet-teardown completed successfully","time":"2023-01-01T06:05:41Z"}
{"level":"debug","msg":"Container place-entrypoint in pod e2e-metal-assisted-kube-api-late-binding-single-node-periodic-baremetalds-packet-teardown completed successfully","time":"2023-01-01T06:05:41Z"}
{"level":"debug","msg":"Container cp-entrypoint-wrapper in pod e2e-metal-assisted-kube-api-late-binding-single-node-periodic-baremetalds-packet-teardown completed successfully","time":"2023-01-01T06:05:41Z"}
{"level":"debug","msg":"Container sidecar in pod e2e-metal-assisted-kube-api-late-binding-single-node-periodic-baremetalds-packet-teardown completed successfully","time":"2023-01-01T06:05:51Z"}
{"level":"debug","msg":"Container test in pod e2e-metal-assisted-kube-api-late-binding-single-node-periodic-baremetalds-packet-teardown completed successfully","time":"2023-01-01T06:05:51Z"}
{"level":"debug","msg":"Pod e2e-metal-assisted-kube-api-late-binding-single-node-periodic-baremetalds-packet-teardown succeeded after 13s","time":"2023-01-01T06:05:51Z"}
{"level":"info","msg":"Step e2e-metal-assisted-kube-api-late-binding-single-node-periodic-baremetalds-packet-teardown succeeded after 20s.","time":"2023-01-01T06:05:51Z"}
{"level":"info","msg":"Step phase post succeeded after 30m0s.","time":"2023-01-01T06:05:51Z"}
{"level":"info","msg":"Releasing leases for test e2e-metal-assisted-kube-api-late-binding-single-node-periodic","time":"2023-01-01T06:05:51Z"}
{"level":"debug","msg":"Releasing lease for packet-edge-quota-slice: 99a8da77-d838-4f76-bb91-0f5b03c9f893","time":"2023-01-01T06:05:51Z"}
{"level":"debug","msg":"No custom metadata found and prow metadata already exists. Not updating the metadata.","time":"2023-01-01T06:05:51Z"}
{"level":"info","msg":"Ran for 1h59m48s","time":"2023-01-01T06:05:54Z"}
{"level":"error","msg":"Some steps failed:","time":"2023-01-01T06:05:54Z"}
{"level":"error","msg":"\n  * could not run steps: step e2e-metal-assisted-kube-api-late-binding-single-node-periodic failed: \"e2e-metal-assisted-kube-api-late-binding-single-node-periodic\" pre steps failed: \"e2e-metal-assisted-kube-api-late-binding-single-node-periodic\" pod \"e2e-metal-assisted-kube-api-late-binding-single-node-periodic-assisted-common-post-install\" failed: the pod ci-op-glw2w760/e2e-metal-assisted-kube-api-late-binding-single-node-periodic-assisted-common-post-install failed after 9m18s (failed containers: test): ContainerFailed one or more containers exited\n\nContainer test exited with code 1, reason Error\n---\n40}\n++ oc get crd/agentserviceconfigs.agent-install.openshift.io --selector= --namespace=\n++ grep -ivE '(no resources found|not found)'\n++ sleep 10\n++ for i in {1..40}\n++ oc get crd/agentserviceconfigs.agent-install.openshift.io --selector= --namespace=\n++ grep -ivE '(no resources found|not found)'\n++ sleep 10\n++ for i in {1..40}\n++ oc get crd/agentserviceconfigs.agent-install.openshift.io --selector= --namespace=\n++ grep -ivE '(no resources found|not found)'\n++ sleep 10\n++ for i in {1..40}\n++ oc get crd/agentserviceconfigs.agent-install.openshift.io --selector= --namespace=\n++ grep -ivE '(no resources found|not found)'\n++ sleep 10\n++ for i in {1..40}\n++ oc get crd/agentserviceconfigs.agent-install.openshift.io --selector= --namespace=\n++ grep -ivE '(no resources found|not found)'\n++ sleep 10\n++ for i in {1..40}\n++ oc get crd/agentserviceconfigs.agent-install.openshift.io --selector= --namespace=\n++ grep -ivE '(no resources found|not found)'\n++ sleep 10\n++ for i in {1..40}\n++ oc get crd/agentserviceconfigs.agent-install.openshift.io --selector= --namespace=\n++ grep -ivE '(no resources found|not found)'\n++ sleep 10\n++ echo 'Waiting for (crd/agentserviceconfigs.agent-install.openshift.io) on namespace () with labels () to become (Established)...'\nWaiting for (crd/agentserviceconfigs.agent-install.openshift.io) on namespace () with labels () to become (Established)...\n++ oc wait -n '' --for=condition=Established --selector '' crd/agentserviceconfigs.agent-install.openshift.io --timeout=60s\nError from server (NotFound): customresourcedefinitions.apiextensions.k8s.io \"agentserviceconfigs.agent-install.openshift.io\" not found\nmake: *** [Makefile:267: deploy_assisted_operator] Error 1\n{\"component\":\"entrypoint\",\"error\":\"wrapped process failed: exit status 2\",\"file\":\"k8s.io/test-infra/prow/entrypoint/run.go:79\",\"func\":\"k8s.io/test-infra/prow/entrypoint.Options.Run\",\"level\":\"error\",\"msg\":\"Error executing test process\",\"severity\":\"error\",\"time\":\"2023-01-01T05:35:48Z\"}\nerror: failed to execute wrapped command: exit status 2\n---\nLink to step on registry info site: https://steps.ci.openshift.org/reference/assisted-common-post-install\nLink to job on registry info site: https://steps.ci.openshift.org/job?org=openshift\u0026repo=assisted-service\u0026branch=release-ocm-2.5\u0026test=e2e-metal-assisted-kube-api-late-binding-single-node-periodic","time":"2023-01-01T06:05:54Z"}
{"level":"info","msg":"Reporting job state 'failed' with reason 'executing_graph:step_failed:utilizing_lease:executing_test:executing_multi_stage_test'","time":"2023-01-01T06:05:54Z"}